<html>
<head>
<title>TestNG:  iPhone 12 Pro</title>
<link href="../testng.css" rel="stylesheet" type="text/css" />
<link href="../my-testng.css" rel="stylesheet" type="text/css" />

<style type="text/css">
.log { display: none;} 
.stack-trace { display: none;} 
</style>
<script type="text/javascript">
<!--
function flip(e) {
  current = e.style.display;
  if (current == 'block') {
    e.style.display = 'none';
    return 0;
  }
  else {
    e.style.display = 'block';
    return 1;
  }
}

function toggleBox(szDivId, elem, msg1, msg2)
{
  var res = -1;  if (document.getElementById) {
    res = flip(document.getElementById(szDivId));
  }
  else if (document.all) {
    // this is the way old msie versions work
    res = flip(document.all[szDivId]);
  }
  if(elem) {
    if(res == 0) elem.innerHTML = msg1; else elem.innerHTML = msg2;
  }

}

function toggleAllBoxes() {
  if (document.getElementsByTagName) {
    d = document.getElementsByTagName('div');
    for (i = 0; i < d.length; i++) {
      if (d[i].className == 'log') {
        flip(d[i]);
      }
    }
  }
}

// -->
</script>

</head>
<body>
<h2 align='center'>iPhone 12 Pro</h2><table border='1' align="center">
<tr>
<td>Tests passed/Failed/Skipped:</td><td>2/1/0</td>
</tr><tr>
<td>Started on:</td><td>Wed Jan 26 03:13:07 IST 2022</td>
</tr>
<tr><td>Total time:</td><td>36 seconds (36429 ms)</td>
</tr><tr>
<td>Included groups:</td><td></td>
</tr><tr>
<td>Excluded groups:</td><td></td>
</tr>
</table><p/>
<small><i>(Hover the method name to see the test class name)</i></small><p/>
<table width='100%' border='1' class='invocation-failed'>
<tr><td colspan='4' align='center'><b>FAILED TESTS</b></td></tr>
<tr><td><b>Test method</b></td>
<td width="30%"><b>Exception</b></td>
<td width="10%"><b>Time (seconds)</b></td>
<td><b>Instance</b></td>
</tr>
<tr>
<td title='com.browserstack.examples.tests.RunAppiumCucumberTests.feature()'><b>feature</b><br>Test class: com.browserstack.examples.tests.RunAppiumCucumberTests<br>Test method: Runs Cucumber Feature<br>Parameters: "Enter text to be displayed on screen and fail scenario", "Optional[BrowserStack Echo Fail Feature]"</td>
<td><div><pre>java.lang.AssertionError: expected [This is not a BrowserStack Echo] but found [This is BrowserStack Echo]
	at com.browserstack.examples.stepdefs.EchoPageSteps.echoShouldSucceed(EchoPageSteps.java:28)
	at ?.it should pass and show message as &quot;This is not a BrowserStack Echo&quot;(classpath:features/echoFail.feature:9)
... Removed 6 stack frames</pre></div><a href='#' onClick='toggleBox("stack-trace2034878933", this, "Click to show all stack frames", "Click to hide stack frames")'>Click to show all stack frames</a>
<div class='stack-trace' id='stack-trace2034878933'><pre>java.lang.AssertionError: expected [This is not a BrowserStack Echo] but found [This is BrowserStack Echo]
	at org.testng.Assert.fail(Assert.java:99)
	at org.testng.Assert.failNotEquals(Assert.java:1037)
	at org.testng.Assert.assertEqualsImpl(Assert.java:140)
	at org.testng.Assert.assertEquals(Assert.java:122)
	at org.testng.Assert.assertEquals(Assert.java:629)
	at org.testng.Assert.assertEquals(Assert.java:639)
	at com.browserstack.examples.stepdefs.EchoPageSteps.echoShouldSucceed(EchoPageSteps.java:28)
	at ?.it should pass and show message as &quot;This is not a BrowserStack Echo&quot;(classpath:features/echoFail.feature:9)
</pre></div></td>
<td>5</td>
<td>com.browserstack.examples.tests.RunAppiumCucumberTests@7a419da4</td></tr>
</table><p>
<table width='100%' border='1' class='invocation-passed'>
<tr><td colspan='4' align='center'><b>PASSED TESTS</b></td></tr>
<tr><td><b>Test method</b></td>
<td width="30%"><b>Exception</b></td>
<td width="10%"><b>Time (seconds)</b></td>
<td><b>Instance</b></td>
</tr>
<tr>
<td title='com.browserstack.examples.tests.RunAppiumCucumberTests.feature()'><b>feature</b><br>Test class: com.browserstack.examples.tests.RunAppiumCucumberTests<br>Test method: Runs Cucumber Feature<br>Parameters: "Enter text to be displayed", "Optional[BrowserStack Echo Feature]"</td>
<td></td>
<td>5</td>
<td>com.browserstack.examples.tests.RunAppiumCucumberTests@7a419da4</td></tr>
<tr>
<td title='com.browserstack.examples.tests.RunAppiumCucumberTests.feature()'><b>feature</b><br>Test class: com.browserstack.examples.tests.RunAppiumCucumberTests<br>Test method: Runs Cucumber Feature<br>Parameters: "Login with valid username and password", "Optional[Login Feature]"</td>
<td></td>
<td>5</td>
<td>com.browserstack.examples.tests.RunAppiumCucumberTests@7a419da4</td></tr>
</table><p>
</body>
</html>